<?xml version="1.0" encoding="UTF-8"?>
<testng-results ignored="0" total="1" passed="1" failed="0" skipped="0">
  <reporter-output>
  </reporter-output>
  <suite started-at="2023-07-13T12:45:28 IST" name="Default suite" finished-at="2023-07-13T12:45:33 IST" duration-ms="4853">
    <groups>
    </groups>
    <test started-at="2023-07-13T12:45:28 IST" name="Default test" finished-at="2023-07-13T12:45:33 IST" duration-ms="4853">
      <class name="com.demoactive.testscript.DemoScreen">
        <test-method signature="Demo()[pri:0, instance:com.demoactive.testscript.DemoScreen@76508ed1]" started-at="2023-07-13T12:45:28 IST" name="Demo" finished-at="2023-07-13T12:45:33 IST" duration-ms="4824" status="PASS">
          <reporter-output>
          </reporter-output>
        </test-method> <!-- Demo -->
      </class> <!-- com.demoactive.testscript.DemoScreen -->
    </test> <!-- Default test -->
  </suite> <!-- Default suite -->
</testng-results>
